[2020-06-07 17:30:42.375014] [INFO] [log.py] [<module>] [58] 测试日志模块
[2020-06-07 18:20:01.348209] [INFO] [test_one.py] [test_requestOne] [27] 测试日志模块
[2020-06-07 18:29:09.322435] [WARNING] [test_one.py] [test_requestOne] [27] 测试日志模块
[2020-06-07 18:29:22.068341] [ERROR] [test_one.py] [test_requestOne] [27] 测试日志模块
[2020-06-07 18:30:06.659545] [ERROR] [test_one.py] [test_requestOne] [27] 测试日志模块
[2020-06-07 18:34:20.439145] [ERROR] [test_one.py] [test_requestOne] [28] 测试日志模块
[2020-06-07 18:38:23.420015] [ERROR] [test_one.py] [test_requestOne] [29] 测试日志模块
[2020-06-07 21:29:22.154083] [ERROR] [test_one.py] [test_requestOne] [28] 测试日志模块
[2020-06-07 21:30:12.235763] [ERROR] [test_one.py] [test_requestOne] [28] 测试日志模块
[2020-06-07 21:31:57.638263] [ERROR] [test_one.py] [test_requestOne] [28] 测试日志模块
[2020-06-07 21:32:21.310445] [ERROR] [test_one.py] [test_requestOne] [28] 测试日志模块
[2020-06-07 21:49:48.823525] [ERROR] [test_one.py] [test_requestOne] [28] 测试日志模块
[2020-06-07 21:50:23.808265] [ERROR] [test_one.py] [test_requestOne] [28] 测试日志模块
[2020-06-07 22:03:08.141756] [ERROR] [test_one.py] [test_requestOne] [28] 测试日志模块
[2020-06-07 22:11:15.753127] [ERROR] [test_one.py] [test_requestOne] [28] 测试日志模块
[2020-06-07 22:26:38.606316] [ERROR] [test_one.py] [test_requestOne] [28] 测试日志模块
